<?xml version="1.0" encoding="UTF-8"?>
<testng-results ignored="1" total="2" passed="1" failed="0" skipped="0">
  <reporter-output>
  </reporter-output>
  <suite started-at="2026-03-31T11:58:23 IST" name="Default suite" finished-at="2026-03-31T11:58:33 IST" duration-ms="9299">
    <groups>
    </groups>
    <test started-at="2026-03-31T11:58:23 IST" name="Default test" finished-at="2026-03-31T11:58:33 IST" duration-ms="9299">
      <class name="testscript.Login">
        <test-method is-config="true" signature="initialiseBrowser()[pri:0, instance:testscript.Login@4afcd809]" started-at="2026-03-31T11:58:23 IST" name="initialiseBrowser" finished-at="2026-03-31T11:58:29 IST" duration-ms="5579" status="PASS">
          <reporter-output>
          </reporter-output>
        </test-method> <!-- initialiseBrowser -->
        <test-method signature="validLoginTest()[pri:0, instance:testscript.Login@4afcd809]" started-at="2026-03-31T11:58:29 IST" name="validLoginTest" finished-at="2026-03-31T11:58:33 IST" duration-ms="3514" status="PASS">
          <reporter-output>
          </reporter-output>
        </test-method> <!-- validLoginTest -->
        <test-method is-config="true" signature="closeBrowser()[pri:0, instance:testscript.Login@4afcd809]" started-at="2026-03-31T11:58:33 IST" name="closeBrowser" finished-at="2026-03-31T11:58:33 IST" duration-ms="13" status="PASS">
          <reporter-output>
          </reporter-output>
        </test-method> <!-- closeBrowser -->
      </class> <!-- testscript.Login -->
    </test> <!-- Default test -->
  </suite> <!-- Default suite -->
</testng-results>
