<?xml version="1.0" encoding="UTF-8"?>
<!-- Generated by org.testng.reporters.JUnitReportReporter -->
<testsuite hostname="DESKTOP-2R4VF43" failures="0" tests="3" name="testscript.HomeTest" time="33.239" errors="0" timestamp="2026-04-07T10:11:58 IST" skipped="0">
  <testcase classname="testscript.HomeTest" name="HomeTest" time="6.016"/>
  <testcase classname="testscript.HomeTest" name="HomeTest" time="9.756"/>
  <testcase classname="testscript.HomeTest" name="HomeTest" time="17.467"/>
</testsuite> <!-- testscript.HomeTest -->
